{"/home/rudra/Desktop/demo work/movierental/server.js": {"path":"/home/rudra/Desktop/demo work/movierental/server.js","statementMap":{"0":{"start":{"line":1,"column":16},"end":{"line":1,"column":34}},"1":{"start":{"line":2,"column":12},"end":{"line":2,"column":21}},"2":{"start":{"line":3,"column":0},"end":{"line":3,"column":40}},"3":{"start":{"line":5,"column":13},"end":{"line":5,"column":35}},"4":{"start":{"line":7,"column":0},"end":{"line":7,"column":76}},"5":{"start":{"line":7,"column":31},"end":{"line":7,"column":74}},"6":{"start":{"line":9,"column":0},"end":{"line":9,"column":23}}},"fnMap":{"0":{"name":"(anonymous_0)","decl":{"start":{"line":7,"column":25},"end":{"line":7,"column":26}},"loc":{"start":{"line":7,"column":29},"end":{"line":7,"column":75}},"line":7}},"branchMap":{},"s":{"0":1,"1":1,"2":1,"3":1,"4":1,"5":1,"6":1},"f":{"0":1},"b":{},"_coverageSchema":"1a1c01bbd47fc00a2c39e90264f33305004495a9","hash":"ca75950db6c4a1a2decb9e3b3b21395b9bb8ea03"}
,"/home/rudra/Desktop/demo work/movierental/auth/auth.js": {"path":"/home/rudra/Desktop/demo work/movierental/auth/auth.js","statementMap":{"0":{"start":{"line":1,"column":15},"end":{"line":1,"column":32}},"1":{"start":{"line":2,"column":12},"end":{"line":2,"column":35}},"2":{"start":{"line":3,"column":15},"end":{"line":3,"column":32}},"3":{"start":{"line":5,"column":0},"end":{"line":12,"column":1}},"4":{"start":{"line":6,"column":4},"end":{"line":11,"column":5}},"5":{"start":{"line":7,"column":4},"end":{"line":7,"column":42}},"6":{"start":{"line":10,"column":8},"end":{"line":10,"column":32}},"7":{"start":{"line":13,"column":0},"end":{"line":20,"column":1}},"8":{"start":{"line":14,"column":3},"end":{"line":19,"column":5}},"9":{"start":{"line":15,"column":4},"end":{"line":15,"column":52}},"10":{"start":{"line":18,"column":8},"end":{"line":18,"column":32}},"11":{"start":{"line":22,"column":0},"end":{"line":24,"column":1}},"12":{"start":{"line":23,"column":4},"end":{"line":23,"column":54}},"13":{"start":{"line":26,"column":0},"end":{"line":28,"column":1}},"14":{"start":{"line":27,"column":4},"end":{"line":27,"column":57}}},"fnMap":{"0":{"name":"encryptPassword","decl":{"start":{"line":5,"column":41},"end":{"line":5,"column":56}},"loc":{"start":{"line":5,"column":66},"end":{"line":12,"column":1}},"line":5},"1":{"name":"encryptPassword","decl":{"start":{"line":13,"column":41},"end":{"line":13,"column":56}},"loc":{"start":{"line":13,"column":77},"end":{"line":20,"column":1}},"line":13},"2":{"name":"(anonymous_2)","decl":{"start":{"line":22,"column":24},"end":{"line":22,"column":25}},"loc":{"start":{"line":22,"column":40},"end":{"line":24,"column":1}},"line":22},"3":{"name":"(anonymous_3)","decl":{"start":{"line":26,"column":22},"end":{"line":26,"column":23}},"loc":{"start":{"line":26,"column":39},"end":{"line":28,"column":1}},"line":26}},"branchMap":{},"s":{"0":2,"1":2,"2":2,"3":2,"4":3,"5":3,"6":0,"7":2,"8":1,"9":1,"10":0,"11":2,"12":8,"13":2,"14":9},"f":{"0":3,"1":1,"2":8,"3":9},"b":{},"_coverageSchema":"1a1c01bbd47fc00a2c39e90264f33305004495a9","hash":"e443c6967e2eabde6dad66b61a15c4bcdfeb70ef"}
,"/home/rudra/Desktop/demo work/movierental/controllers/customer.js": {"path":"/home/rudra/Desktop/demo work/movierental/controllers/customer.js","statementMap":{"0":{"start":{"line":1,"column":40},"end":{"line":1,"column":76}},"1":{"start":{"line":2,"column":10},"end":{"line":2,"column":27}},"2":{"start":{"line":3,"column":73},"end":{"line":3,"column":96}},"3":{"start":{"line":7,"column":4},"end":{"line":17,"column":5}},"4":{"start":{"line":8,"column":8},"end":{"line":8,"column":82}},"5":{"start":{"line":8,"column":34},"end":{"line":8,"column":82}},"6":{"start":{"line":9,"column":21},"end":{"line":9,"column":71}},"7":{"start":{"line":10,"column":8},"end":{"line":10,"column":73}},"8":{"start":{"line":10,"column":21},"end":{"line":10,"column":73}},"9":{"start":{"line":11,"column":8},"end":{"line":11,"column":52}},"10":{"start":{"line":11,"column":27},"end":{"line":11,"column":52}},"11":{"start":{"line":12,"column":8},"end":{"line":12,"column":76}},"12":{"start":{"line":16,"column":8},"end":{"line":16,"column":41}},"13":{"start":{"line":21,"column":4},"end":{"line":30,"column":5}},"14":{"start":{"line":22,"column":21},"end":{"line":22,"column":29}},"15":{"start":{"line":23,"column":8},"end":{"line":23,"column":60}},"16":{"start":{"line":24,"column":23},"end":{"line":24,"column":42}},"17":{"start":{"line":25,"column":8},"end":{"line":25,"column":27}},"18":{"start":{"line":26,"column":8},"end":{"line":26,"column":112}},"19":{"start":{"line":29,"column":8},"end":{"line":29,"column":41}},"20":{"start":{"line":34,"column":4},"end":{"line":42,"column":5}},"21":{"start":{"line":35,"column":21},"end":{"line":35,"column":65}},"22":{"start":{"line":36,"column":8},"end":{"line":36,"column":72}},"23":{"start":{"line":37,"column":8},"end":{"line":37,"column":39}},"24":{"start":{"line":41,"column":8},"end":{"line":41,"column":41}},"25":{"start":{"line":46,"column":4},"end":{"line":51,"column":5}},"26":{"start":{"line":47,"column":8},"end":{"line":47,"column":67}},"27":{"start":{"line":50,"column":8},"end":{"line":50,"column":41}},"28":{"start":{"line":55,"column":4},"end":{"line":68,"column":5}},"29":{"start":{"line":56,"column":23},"end":{"line":56,"column":95}},"30":{"start":{"line":57,"column":8},"end":{"line":57,"column":74}},"31":{"start":{"line":57,"column":24},"end":{"line":57,"column":74}},"32":{"start":{"line":58,"column":8},"end":{"line":63,"column":9}},"33":{"start":{"line":59,"column":12},"end":{"line":59,"column":113}},"34":{"start":{"line":62,"column":12},"end":{"line":62,"column":65}},"35":{"start":{"line":67,"column":8},"end":{"line":67,"column":41}},"36":{"start":{"line":71,"column":0},"end":{"line":71,"column":41}},"37":{"start":{"line":72,"column":0},"end":{"line":72,"column":41}},"38":{"start":{"line":73,"column":0},"end":{"line":73,"column":47}},"39":{"start":{"line":74,"column":0},"end":{"line":74,"column":47}},"40":{"start":{"line":75,"column":0},"end":{"line":75,"column":45}}},"fnMap":{"0":{"name":"getCustomer","decl":{"start":{"line":6,"column":15},"end":{"line":6,"column":26}},"loc":{"start":{"line":6,"column":43},"end":{"line":18,"column":1}},"line":6},"1":{"name":"addCustomer","decl":{"start":{"line":20,"column":15},"end":{"line":20,"column":26}},"loc":{"start":{"line":20,"column":43},"end":{"line":31,"column":1}},"line":20},"2":{"name":"updateCustomer","decl":{"start":{"line":33,"column":15},"end":{"line":33,"column":29}},"loc":{"start":{"line":33,"column":46},"end":{"line":43,"column":1}},"line":33},"3":{"name":"deleteCustomer","decl":{"start":{"line":45,"column":15},"end":{"line":45,"column":29}},"loc":{"start":{"line":45,"column":46},"end":{"line":52,"column":1}},"line":45},"4":{"name":"loginCustomer","decl":{"start":{"line":54,"column":15},"end":{"line":54,"column":28}},"loc":{"start":{"line":54,"column":45},"end":{"line":69,"column":1}},"line":54}},"branchMap":{"0":{"loc":{"start":{"line":8,"column":8},"end":{"line":8,"column":82}},"type":"if","locations":[{"start":{"line":8,"column":8},"end":{"line":8,"column":82}},{"start":{},"end":{}}],"line":8},"1":{"loc":{"start":{"line":10,"column":8},"end":{"line":10,"column":73}},"type":"if","locations":[{"start":{"line":10,"column":8},"end":{"line":10,"column":73}},{"start":{},"end":{}}],"line":10},"2":{"loc":{"start":{"line":11,"column":8},"end":{"line":11,"column":52}},"type":"if","locations":[{"start":{"line":11,"column":8},"end":{"line":11,"column":52}},{"start":{},"end":{}}],"line":11},"3":{"loc":{"start":{"line":57,"column":8},"end":{"line":57,"column":74}},"type":"if","locations":[{"start":{"line":57,"column":8},"end":{"line":57,"column":74}},{"start":{},"end":{}}],"line":57},"4":{"loc":{"start":{"line":58,"column":8},"end":{"line":63,"column":9}},"type":"if","locations":[{"start":{"line":58,"column":8},"end":{"line":63,"column":9}},{"start":{"line":61,"column":13},"end":{"line":63,"column":9}}],"line":58}},"s":{"0":1,"1":1,"2":1,"3":4,"4":4,"5":1,"6":3,"7":3,"8":1,"9":2,"10":1,"11":1,"12":0,"13":2,"14":2,"15":2,"16":2,"17":2,"18":2,"19":0,"20":1,"21":1,"22":0,"23":0,"24":1,"25":0,"26":0,"27":0,"28":0,"29":0,"30":0,"31":0,"32":0,"33":0,"34":0,"35":0,"36":1,"37":1,"38":1,"39":1,"40":1},"f":{"0":4,"1":2,"2":1,"3":0,"4":0},"b":{"0":[1,3],"1":[1,2],"2":[1,1],"3":[0,0],"4":[0,0]},"_coverageSchema":"1a1c01bbd47fc00a2c39e90264f33305004495a9","hash":"1519d3b80368e1ad73e7a2d2b0aad770fc426572"}
,"/home/rudra/Desktop/demo work/movierental/controllers/genre.js": {"path":"/home/rudra/Desktop/demo work/movierental/controllers/genre.js","statementMap":{"0":{"start":{"line":1,"column":14},"end":{"line":1,"column":47}},"1":{"start":{"line":4,"column":4},"end":{"line":10,"column":5}},"2":{"start":{"line":5,"column":8},"end":{"line":5,"column":56}},"3":{"start":{"line":5,"column":21},"end":{"line":5,"column":56}},"4":{"start":{"line":6,"column":8},"end":{"line":6,"column":48}},"5":{"start":{"line":9,"column":8},"end":{"line":9,"column":32}},"6":{"start":{"line":14,"column":4},"end":{"line":20,"column":5}},"7":{"start":{"line":15,"column":23},"end":{"line":15,"column":38}},"8":{"start":{"line":16,"column":8},"end":{"line":16,"column":34}},"9":{"start":{"line":19,"column":8},"end":{"line":19,"column":32}},"10":{"start":{"line":24,"column":4},"end":{"line":29,"column":5}},"11":{"start":{"line":25,"column":8},"end":{"line":25,"column":59}},"12":{"start":{"line":28,"column":8},"end":{"line":28,"column":32}},"13":{"start":{"line":32,"column":4},"end":{"line":37,"column":5}},"14":{"start":{"line":33,"column":8},"end":{"line":33,"column":47}},"15":{"start":{"line":36,"column":8},"end":{"line":36,"column":32}},"16":{"start":{"line":40,"column":0},"end":{"line":40,"column":35}},"17":{"start":{"line":41,"column":0},"end":{"line":41,"column":35}},"18":{"start":{"line":42,"column":0},"end":{"line":42,"column":41}},"19":{"start":{"line":43,"column":0},"end":{"line":43,"column":41}}},"fnMap":{"0":{"name":"getGenre","decl":{"start":{"line":3,"column":15},"end":{"line":3,"column":23}},"loc":{"start":{"line":3,"column":32},"end":{"line":11,"column":1}},"line":3},"1":{"name":"addGenre","decl":{"start":{"line":13,"column":15},"end":{"line":13,"column":23}},"loc":{"start":{"line":13,"column":30},"end":{"line":21,"column":1}},"line":13},"2":{"name":"updateGenre","decl":{"start":{"line":23,"column":15},"end":{"line":23,"column":26}},"loc":{"start":{"line":23,"column":36},"end":{"line":30,"column":1}},"line":23},"3":{"name":"deleteGenre","decl":{"start":{"line":31,"column":15},"end":{"line":31,"column":26}},"loc":{"start":{"line":31,"column":31},"end":{"line":38,"column":1}},"line":31}},"branchMap":{"0":{"loc":{"start":{"line":5,"column":8},"end":{"line":5,"column":56}},"type":"if","locations":[{"start":{"line":5,"column":8},"end":{"line":5,"column":56}},{"start":{},"end":{}}],"line":5}},"s":{"0":1,"1":0,"2":0,"3":0,"4":0,"5":0,"6":0,"7":0,"8":0,"9":0,"10":0,"11":0,"12":0,"13":0,"14":0,"15":0,"16":1,"17":1,"18":1,"19":1},"f":{"0":0,"1":0,"2":0,"3":0},"b":{"0":[0,0]},"_coverageSchema":"1a1c01bbd47fc00a2c39e90264f33305004495a9","hash":"22d615b0783d6b88ac8e1f83466ff1f7a98f799b"}
,"/home/rudra/Desktop/demo work/movierental/controllers/movie.js": {"path":"/home/rudra/Desktop/demo work/movierental/controllers/movie.js","statementMap":{"0":{"start":{"line":1,"column":14},"end":{"line":1,"column":47}},"1":{"start":{"line":4,"column":4},"end":{"line":10,"column":5}},"2":{"start":{"line":5,"column":8},"end":{"line":5,"column":64}},"3":{"start":{"line":5,"column":24},"end":{"line":5,"column":64}},"4":{"start":{"line":6,"column":8},"end":{"line":6,"column":54}},"5":{"start":{"line":9,"column":8},"end":{"line":9,"column":42}},"6":{"start":{"line":14,"column":4},"end":{"line":20,"column":5}},"7":{"start":{"line":15,"column":23},"end":{"line":15,"column":42}},"8":{"start":{"line":16,"column":8},"end":{"line":16,"column":50}},"9":{"start":{"line":19,"column":8},"end":{"line":19,"column":42}},"10":{"start":{"line":24,"column":4},"end":{"line":29,"column":5}},"11":{"start":{"line":25,"column":8},"end":{"line":25,"column":77}},"12":{"start":{"line":28,"column":8},"end":{"line":28,"column":42}},"13":{"start":{"line":32,"column":4},"end":{"line":37,"column":5}},"14":{"start":{"line":33,"column":8},"end":{"line":33,"column":61}},"15":{"start":{"line":36,"column":8},"end":{"line":36,"column":42}},"16":{"start":{"line":40,"column":0},"end":{"line":40,"column":35}},"17":{"start":{"line":41,"column":0},"end":{"line":41,"column":35}},"18":{"start":{"line":42,"column":0},"end":{"line":42,"column":41}},"19":{"start":{"line":43,"column":0},"end":{"line":43,"column":41}}},"fnMap":{"0":{"name":"getMovie","decl":{"start":{"line":3,"column":15},"end":{"line":3,"column":23}},"loc":{"start":{"line":3,"column":42},"end":{"line":11,"column":1}},"line":3},"1":{"name":"addMovie","decl":{"start":{"line":13,"column":15},"end":{"line":13,"column":23}},"loc":{"start":{"line":13,"column":40},"end":{"line":21,"column":1}},"line":13},"2":{"name":"updateMovie","decl":{"start":{"line":23,"column":15},"end":{"line":23,"column":26}},"loc":{"start":{"line":23,"column":44},"end":{"line":30,"column":1}},"line":23},"3":{"name":"deleteMovie","decl":{"start":{"line":31,"column":15},"end":{"line":31,"column":26}},"loc":{"start":{"line":31,"column":45},"end":{"line":38,"column":1}},"line":31}},"branchMap":{"0":{"loc":{"start":{"line":5,"column":8},"end":{"line":5,"column":64}},"type":"if","locations":[{"start":{"line":5,"column":8},"end":{"line":5,"column":64}},{"start":{},"end":{}}],"line":5}},"s":{"0":1,"1":0,"2":0,"3":0,"4":0,"5":0,"6":0,"7":0,"8":0,"9":0,"10":0,"11":0,"12":0,"13":0,"14":0,"15":0,"16":1,"17":1,"18":1,"19":1},"f":{"0":0,"1":0,"2":0,"3":0},"b":{"0":[0,0]},"_coverageSchema":"1a1c01bbd47fc00a2c39e90264f33305004495a9","hash":"bea0fd0e1a64cc51ff16ab37c84b7b43014da6e3"}
,"/home/rudra/Desktop/demo work/movierental/controllers/rental.js": {"path":"/home/rudra/Desktop/demo work/movierental/controllers/rental.js","statementMap":{"0":{"start":{"line":1,"column":15},"end":{"line":1,"column":48}},"1":{"start":{"line":2,"column":20},"end":{"line":2,"column":56}},"2":{"start":{"line":3,"column":15},"end":{"line":3,"column":48}},"3":{"start":{"line":4,"column":26},"end":{"line":4,"column":59}},"4":{"start":{"line":6,"column":11},"end":{"line":6,"column":22}},"5":{"start":{"line":8,"column":4},"end":{"line":15,"column":5}},"6":{"start":{"line":9,"column":21},"end":{"line":9,"column":85}},"7":{"start":{"line":10,"column":8},"end":{"line":10,"column":82}},"8":{"start":{"line":10,"column":27},"end":{"line":10,"column":82}},"9":{"start":{"line":11,"column":8},"end":{"line":11,"column":65}},"10":{"start":{"line":14,"column":8},"end":{"line":14,"column":41}},"11":{"start":{"line":20,"column":4},"end":{"line":59,"column":5}},"12":{"start":{"line":21,"column":22},"end":{"line":21,"column":36}},"13":{"start":{"line":22,"column":25},"end":{"line":23,"column":45}},"14":{"start":{"line":24,"column":22},"end":{"line":25,"column":50}},"15":{"start":{"line":26,"column":8},"end":{"line":26,"column":91}},"16":{"start":{"line":26,"column":33},"end":{"line":26,"column":91}},"17":{"start":{"line":27,"column":8},"end":{"line":27,"column":92}},"18":{"start":{"line":27,"column":42},"end":{"line":27,"column":92}},"19":{"start":{"line":29,"column":23},"end":{"line":45,"column":10}},"20":{"start":{"line":46,"column":24},"end":{"line":53,"column":14}},"21":{"start":{"line":54,"column":8},"end":{"line":54,"column":32}},"22":{"start":{"line":58,"column":8},"end":{"line":58,"column":41}},"23":{"start":{"line":63,"column":4},"end":{"line":68,"column":5}},"24":{"start":{"line":64,"column":8},"end":{"line":64,"column":85}},"25":{"start":{"line":67,"column":8},"end":{"line":67,"column":41}},"26":{"start":{"line":71,"column":4},"end":{"line":76,"column":5}},"27":{"start":{"line":72,"column":8},"end":{"line":72,"column":65}},"28":{"start":{"line":75,"column":8},"end":{"line":75,"column":41}},"29":{"start":{"line":79,"column":0},"end":{"line":79,"column":37}},"30":{"start":{"line":80,"column":0},"end":{"line":80,"column":37}},"31":{"start":{"line":81,"column":0},"end":{"line":81,"column":43}},"32":{"start":{"line":82,"column":0},"end":{"line":82,"column":43}}},"fnMap":{"0":{"name":"getRental","decl":{"start":{"line":7,"column":15},"end":{"line":7,"column":24}},"loc":{"start":{"line":7,"column":43},"end":{"line":16,"column":1}},"line":7},"1":{"name":"addRental","decl":{"start":{"line":19,"column":15},"end":{"line":19,"column":24}},"loc":{"start":{"line":19,"column":43},"end":{"line":60,"column":1}},"line":19},"2":{"name":"updateRental","decl":{"start":{"line":62,"column":15},"end":{"line":62,"column":27}},"loc":{"start":{"line":62,"column":45},"end":{"line":69,"column":1}},"line":62},"3":{"name":"deleteRental","decl":{"start":{"line":70,"column":15},"end":{"line":70,"column":27}},"loc":{"start":{"line":70,"column":45},"end":{"line":77,"column":1}},"line":70}},"branchMap":{"0":{"loc":{"start":{"line":10,"column":8},"end":{"line":10,"column":82}},"type":"if","locations":[{"start":{"line":10,"column":8},"end":{"line":10,"column":82}},{"start":{},"end":{}}],"line":10},"1":{"loc":{"start":{"line":26,"column":8},"end":{"line":26,"column":91}},"type":"if","locations":[{"start":{"line":26,"column":8},"end":{"line":26,"column":91}},{"start":{},"end":{}}],"line":26},"2":{"loc":{"start":{"line":27,"column":8},"end":{"line":27,"column":92}},"type":"if","locations":[{"start":{"line":27,"column":8},"end":{"line":27,"column":92}},{"start":{},"end":{}}],"line":27}},"s":{"0":1,"1":1,"2":1,"3":1,"4":1,"5":0,"6":0,"7":0,"8":0,"9":0,"10":0,"11":0,"12":0,"13":0,"14":0,"15":0,"16":0,"17":0,"18":0,"19":0,"20":0,"21":0,"22":0,"23":0,"24":0,"25":0,"26":0,"27":0,"28":0,"29":1,"30":1,"31":1,"32":1},"f":{"0":0,"1":0,"2":0,"3":0},"b":{"0":[0,0],"1":[0,0],"2":[0,0]},"_coverageSchema":"1a1c01bbd47fc00a2c39e90264f33305004495a9","hash":"e16e4d71071607fbd9a9c01c96b84715d12c737c"}
,"/home/rudra/Desktop/demo work/movierental/middlewares/getPeriod.js": {"path":"/home/rudra/Desktop/demo work/movierental/middlewares/getPeriod.js","statementMap":{"0":{"start":{"line":2,"column":0},"end":{"line":43,"column":1}},"1":{"start":{"line":3,"column":4},"end":{"line":41,"column":5}},"2":{"start":{"line":4,"column":21},"end":{"line":4,"column":22}},"3":{"start":{"line":5,"column":8},"end":{"line":5,"column":38}},"4":{"start":{"line":6,"column":8},"end":{"line":6,"column":51}},"5":{"start":{"line":7,"column":8},"end":{"line":7,"column":39}},"6":{"start":{"line":8,"column":8},"end":{"line":8,"column":83}},"7":{"start":{"line":8,"column":40},"end":{"line":8,"column":83}},"8":{"start":{"line":9,"column":8},"end":{"line":33,"column":9}},"9":{"start":{"line":10,"column":12},"end":{"line":20,"column":13}},"10":{"start":{"line":11,"column":16},"end":{"line":13,"column":72}},"11":{"start":{"line":11,"column":64},"end":{"line":11,"column":93}},"12":{"start":{"line":12,"column":21},"end":{"line":13,"column":72}},"13":{"start":{"line":12,"column":67},"end":{"line":12,"column":109}},"14":{"start":{"line":13,"column":21},"end":{"line":13,"column":72}},"15":{"start":{"line":15,"column":17},"end":{"line":20,"column":13}},"16":{"start":{"line":15,"column":65},"end":{"line":15,"column":107}},"17":{"start":{"line":17,"column":16},"end":{"line":17,"column":76}},"18":{"start":{"line":18,"column":16},"end":{"line":19,"column":72}},"19":{"start":{"line":18,"column":62},"end":{"line":18,"column":112}},"20":{"start":{"line":19,"column":21},"end":{"line":19,"column":72}},"21":{"start":{"line":22,"column":13},"end":{"line":33,"column":9}},"22":{"start":{"line":22,"column":67},"end":{"line":22,"column":109}},"23":{"start":{"line":24,"column":12},"end":{"line":24,"column":78}},"24":{"start":{"line":25,"column":12},"end":{"line":32,"column":13}},"25":{"start":{"line":26,"column":16},"end":{"line":26,"column":76}},"26":{"start":{"line":29,"column":16},"end":{"line":29,"column":76}},"27":{"start":{"line":30,"column":16},"end":{"line":31,"column":72}},"28":{"start":{"line":30,"column":62},"end":{"line":30,"column":112}},"29":{"start":{"line":31,"column":21},"end":{"line":31,"column":72}},"30":{"start":{"line":34,"column":8},"end":{"line":34,"column":32}},"31":{"start":{"line":35,"column":8},"end":{"line":35,"column":32}},"32":{"start":{"line":36,"column":8},"end":{"line":36,"column":35}},"33":{"start":{"line":37,"column":8},"end":{"line":37,"column":15}},"34":{"start":{"line":40,"column":8},"end":{"line":40,"column":41}}},"fnMap":{"0":{"name":"(anonymous_0)","decl":{"start":{"line":2,"column":17},"end":{"line":2,"column":18}},"loc":{"start":{"line":2,"column":49},"end":{"line":43,"column":1}},"line":2}},"branchMap":{"0":{"loc":{"start":{"line":8,"column":8},"end":{"line":8,"column":83}},"type":"if","locations":[{"start":{"line":8,"column":8},"end":{"line":8,"column":83}},{"start":{},"end":{}}],"line":8},"1":{"loc":{"start":{"line":9,"column":8},"end":{"line":33,"column":9}},"type":"if","locations":[{"start":{"line":9,"column":8},"end":{"line":33,"column":9}},{"start":{"line":22,"column":13},"end":{"line":33,"column":9}}],"line":9},"2":{"loc":{"start":{"line":10,"column":12},"end":{"line":20,"column":13}},"type":"if","locations":[{"start":{"line":10,"column":12},"end":{"line":20,"column":13}},{"start":{"line":15,"column":17},"end":{"line":20,"column":13}}],"line":10},"3":{"loc":{"start":{"line":11,"column":16},"end":{"line":13,"column":72}},"type":"if","locations":[{"start":{"line":11,"column":16},"end":{"line":13,"column":72}},{"start":{"line":12,"column":21},"end":{"line":13,"column":72}}],"line":11},"4":{"loc":{"start":{"line":12,"column":21},"end":{"line":13,"column":72}},"type":"if","locations":[{"start":{"line":12,"column":21},"end":{"line":13,"column":72}},{"start":{"line":13,"column":21},"end":{"line":13,"column":72}}],"line":12},"5":{"loc":{"start":{"line":15,"column":17},"end":{"line":20,"column":13}},"type":"if","locations":[{"start":{"line":15,"column":17},"end":{"line":20,"column":13}},{"start":{"line":16,"column":17},"end":{"line":20,"column":13}}],"line":15},"6":{"loc":{"start":{"line":18,"column":16},"end":{"line":19,"column":72}},"type":"if","locations":[{"start":{"line":18,"column":16},"end":{"line":19,"column":72}},{"start":{"line":19,"column":21},"end":{"line":19,"column":72}}],"line":18},"7":{"loc":{"start":{"line":22,"column":13},"end":{"line":33,"column":9}},"type":"if","locations":[{"start":{"line":22,"column":13},"end":{"line":33,"column":9}},{"start":{"line":23,"column":13},"end":{"line":33,"column":9}}],"line":22},"8":{"loc":{"start":{"line":25,"column":12},"end":{"line":32,"column":13}},"type":"if","locations":[{"start":{"line":25,"column":12},"end":{"line":32,"column":13}},{"start":{"line":28,"column":17},"end":{"line":32,"column":13}}],"line":25},"9":{"loc":{"start":{"line":30,"column":16},"end":{"line":31,"column":72}},"type":"if","locations":[{"start":{"line":30,"column":16},"end":{"line":31,"column":72}},{"start":{"line":31,"column":21},"end":{"line":31,"column":72}}],"line":30}},"s":{"0":1,"1":0,"2":0,"3":0,"4":0,"5":0,"6":0,"7":0,"8":0,"9":0,"10":0,"11":0,"12":0,"13":0,"14":0,"15":0,"16":0,"17":0,"18":0,"19":0,"20":0,"21":0,"22":0,"23":0,"24":0,"25":0,"26":0,"27":0,"28":0,"29":0,"30":0,"31":0,"32":0,"33":0,"34":0},"f":{"0":0},"b":{"0":[0,0],"1":[0,0],"2":[0,0],"3":[0,0],"4":[0,0],"5":[0,0],"6":[0,0],"7":[0,0],"8":[0,0],"9":[0,0]},"_coverageSchema":"1a1c01bbd47fc00a2c39e90264f33305004495a9","hash":"c4a09288485c931a5b72dda7f285293d749bcfa2"}
,"/home/rudra/Desktop/demo work/movierental/middlewares/validateAdmin.js": {"path":"/home/rudra/Desktop/demo work/movierental/middlewares/validateAdmin.js","statementMap":{"0":{"start":{"line":1,"column":20},"end":{"line":1,"column":56}},"1":{"start":{"line":2,"column":0},"end":{"line":12,"column":1}},"2":{"start":{"line":3,"column":4},"end":{"line":10,"column":5}},"3":{"start":{"line":4,"column":17},"end":{"line":4,"column":62}},"4":{"start":{"line":5,"column":4},"end":{"line":5,"column":68}},"5":{"start":{"line":5,"column":23},"end":{"line":5,"column":68}},"6":{"start":{"line":6,"column":4},"end":{"line":6,"column":10}},"7":{"start":{"line":9,"column":8},"end":{"line":9,"column":48}}},"fnMap":{"0":{"name":"(anonymous_0)","decl":{"start":{"line":2,"column":16},"end":{"line":2,"column":17}},"loc":{"start":{"line":2,"column":42},"end":{"line":12,"column":1}},"line":2}},"branchMap":{"0":{"loc":{"start":{"line":5,"column":4},"end":{"line":5,"column":68}},"type":"if","locations":[{"start":{"line":5,"column":4},"end":{"line":5,"column":68}},{"start":{},"end":{}}],"line":5}},"s":{"0":1,"1":1,"2":1,"3":1,"4":0,"5":0,"6":0,"7":1},"f":{"0":1},"b":{"0":[0,0]},"_coverageSchema":"1a1c01bbd47fc00a2c39e90264f33305004495a9","hash":"368cba86adb625aee680d80c9f3285de3273afee"}
,"/home/rudra/Desktop/demo work/movierental/middlewares/validateCustomer.js": {"path":"/home/rudra/Desktop/demo work/movierental/middlewares/validateCustomer.js","statementMap":{"0":{"start":{"line":1,"column":29},"end":{"line":1,"column":65}},"1":{"start":{"line":4,"column":0},"end":{"line":9,"column":1}},"2":{"start":{"line":5,"column":17},"end":{"line":5,"column":25}},"3":{"start":{"line":6,"column":33},"end":{"line":6,"column":64}},"4":{"start":{"line":7,"column":8},"end":{"line":7,"column":61}},"5":{"start":{"line":7,"column":19},"end":{"line":7,"column":61}},"6":{"start":{"line":8,"column":8},"end":{"line":8,"column":15}}},"fnMap":{"0":{"name":"(anonymous_0)","decl":{"start":{"line":4,"column":17},"end":{"line":4,"column":18}},"loc":{"start":{"line":4,"column":42},"end":{"line":9,"column":1}},"line":4}},"branchMap":{"0":{"loc":{"start":{"line":7,"column":8},"end":{"line":7,"column":61}},"type":"if","locations":[{"start":{"line":7,"column":8},"end":{"line":7,"column":61}},{"start":{},"end":{}}],"line":7}},"s":{"0":1,"1":1,"2":3,"3":3,"4":3,"5":1,"6":2},"f":{"0":3},"b":{"0":[1,2]},"_coverageSchema":"1a1c01bbd47fc00a2c39e90264f33305004495a9","hash":"d565b3d30bd054f037a1b6cd8f1bf9fbee7426e8"}
,"/home/rudra/Desktop/demo work/movierental/middlewares/validateObjectId.js": {"path":"/home/rudra/Desktop/demo work/movierental/middlewares/validateObjectId.js","statementMap":{"0":{"start":{"line":1,"column":17},"end":{"line":1,"column":36}},"1":{"start":{"line":3,"column":0},"end":{"line":7,"column":1}},"2":{"start":{"line":4,"column":4},"end":{"line":4,"column":98}},"3":{"start":{"line":4,"column":57},"end":{"line":4,"column":98}},"4":{"start":{"line":5,"column":4},"end":{"line":5,"column":11}}},"fnMap":{"0":{"name":"(anonymous_0)","decl":{"start":{"line":3,"column":17},"end":{"line":3,"column":18}},"loc":{"start":{"line":3,"column":37},"end":{"line":7,"column":1}},"line":3}},"branchMap":{"0":{"loc":{"start":{"line":4,"column":4},"end":{"line":4,"column":98}},"type":"if","locations":[{"start":{"line":4,"column":4},"end":{"line":4,"column":98}},{"start":{},"end":{}}],"line":4}},"s":{"0":1,"1":1,"2":1,"3":0,"4":1},"f":{"0":1},"b":{"0":[0,1]},"_coverageSchema":"1a1c01bbd47fc00a2c39e90264f33305004495a9","hash":"f0cb4020a4ef360cfb2684828889ca2d1ff9ecb8"}
,"/home/rudra/Desktop/demo work/movierental/middlewares/validateToken.js": {"path":"/home/rudra/Desktop/demo work/movierental/middlewares/validateToken.js","statementMap":{"0":{"start":{"line":1,"column":22},"end":{"line":1,"column":45}},"1":{"start":{"line":3,"column":0},"end":{"line":16,"column":1}},"2":{"start":{"line":4,"column":4},"end":{"line":14,"column":5}},"3":{"start":{"line":5,"column":18},"end":{"line":5,"column":44}},"4":{"start":{"line":6,"column":4},"end":{"line":6,"column":61}},"5":{"start":{"line":6,"column":16},"end":{"line":6,"column":61}},"6":{"start":{"line":7,"column":18},"end":{"line":7,"column":42}},"7":{"start":{"line":8,"column":4},"end":{"line":8,"column":61}},"8":{"start":{"line":8,"column":16},"end":{"line":8,"column":61}},"9":{"start":{"line":9,"column":4},"end":{"line":9,"column":26}},"10":{"start":{"line":10,"column":4},"end":{"line":10,"column":10}},"11":{"start":{"line":13,"column":8},"end":{"line":13,"column":48}}},"fnMap":{"0":{"name":"(anonymous_0)","decl":{"start":{"line":3,"column":16},"end":{"line":3,"column":17}},"loc":{"start":{"line":3,"column":42},"end":{"line":16,"column":1}},"line":3}},"branchMap":{"0":{"loc":{"start":{"line":6,"column":4},"end":{"line":6,"column":61}},"type":"if","locations":[{"start":{"line":6,"column":4},"end":{"line":6,"column":61}},{"start":{},"end":{}}],"line":6},"1":{"loc":{"start":{"line":8,"column":4},"end":{"line":8,"column":61}},"type":"if","locations":[{"start":{"line":8,"column":4},"end":{"line":8,"column":61}},{"start":{},"end":{}}],"line":8}},"s":{"0":1,"1":1,"2":9,"3":9,"4":9,"5":1,"6":8,"7":6,"8":0,"9":6,"10":6,"11":2},"f":{"0":9},"b":{"0":[1,8],"1":[0,6]},"_coverageSchema":"1a1c01bbd47fc00a2c39e90264f33305004495a9","hash":"a127694175bf434ed20acaf095dc8885ee37364e"}
,"/home/rudra/Desktop/demo work/movierental/models/conection.db.js": {"path":"/home/rudra/Desktop/demo work/movierental/models/conection.db.js","statementMap":{"0":{"start":{"line":2,"column":13},"end":{"line":2,"column":28}},"1":{"start":{"line":3,"column":17},"end":{"line":3,"column":36}},"2":{"start":{"line":4,"column":15},"end":{"line":4,"column":32}},"3":{"start":{"line":6,"column":0},"end":{"line":8,"column":42}},"4":{"start":{"line":7,"column":10},"end":{"line":7,"column":60}},"5":{"start":{"line":8,"column":14},"end":{"line":8,"column":40}},"6":{"start":{"line":10,"column":0},"end":{"line":10,"column":27}},"7":{"start":{"line":15,"column":0},"end":{"line":15,"column":35}},"8":{"start":{"line":16,"column":0},"end":{"line":16,"column":27}}},"fnMap":{"0":{"name":"(anonymous_0)","decl":{"start":{"line":7,"column":6},"end":{"line":7,"column":7}},"loc":{"start":{"line":7,"column":10},"end":{"line":7,"column":60}},"line":7},"1":{"name":"(anonymous_1)","decl":{"start":{"line":8,"column":7},"end":{"line":8,"column":8}},"loc":{"start":{"line":8,"column":14},"end":{"line":8,"column":40}},"line":8}},"branchMap":{},"s":{"0":1,"1":1,"2":1,"3":1,"4":1,"5":0,"6":1,"7":1,"8":1},"f":{"0":1,"1":0},"b":{},"_coverageSchema":"1a1c01bbd47fc00a2c39e90264f33305004495a9","hash":"883af3433ea0357e1746d6e3aeff45ece0057ce8"}
,"/home/rudra/Desktop/demo work/movierental/models/customers.model.js": {"path":"/home/rudra/Desktop/demo work/movierental/models/customers.model.js","statementMap":{"0":{"start":{"line":1,"column":19},"end":{"line":1,"column":44}},"1":{"start":{"line":2,"column":12},"end":{"line":2,"column":26}},"2":{"start":{"line":3,"column":25},"end":{"line":3,"column":61}},"3":{"start":{"line":5,"column":17},"end":{"line":30,"column":3}},"4":{"start":{"line":32,"column":0},"end":{"line":32,"column":40}},"5":{"start":{"line":34,"column":25},"end":{"line":43,"column":2}},"6":{"start":{"line":46,"column":0},"end":{"line":46,"column":50}},"7":{"start":{"line":47,"column":0},"end":{"line":47,"column":35}}},"fnMap":{},"branchMap":{},"s":{"0":1,"1":1,"2":1,"3":1,"4":1,"5":1,"6":1,"7":1},"f":{},"b":{},"_coverageSchema":"1a1c01bbd47fc00a2c39e90264f33305004495a9","hash":"4871b57879986c191c8b675723ce40484ecc90cb"}
,"/home/rudra/Desktop/demo work/movierental/models/genres.model.js": {"path":"/home/rudra/Desktop/demo work/movierental/models/genres.model.js","statementMap":{"0":{"start":{"line":1,"column":19},"end":{"line":1,"column":44}},"1":{"start":{"line":3,"column":14},"end":{"line":8,"column":3}},"2":{"start":{"line":10,"column":0},"end":{"line":10,"column":22}}},"fnMap":{},"branchMap":{},"s":{"0":1,"1":1,"2":1},"f":{},"b":{},"_coverageSchema":"1a1c01bbd47fc00a2c39e90264f33305004495a9","hash":"35dc351fafee922ebf38966c3fe0ca18e10425c3"}
,"/home/rudra/Desktop/demo work/movierental/models/movies.model.js": {"path":"/home/rudra/Desktop/demo work/movierental/models/movies.model.js","statementMap":{"0":{"start":{"line":1,"column":19},"end":{"line":1,"column":44}},"1":{"start":{"line":2,"column":14},"end":{"line":19,"column":3}},"2":{"start":{"line":21,"column":0},"end":{"line":21,"column":22}}},"fnMap":{},"branchMap":{},"s":{"0":1,"1":1,"2":1},"f":{},"b":{},"_coverageSchema":"1a1c01bbd47fc00a2c39e90264f33305004495a9","hash":"7840b3920d952c463ef5e37fb0c187f9d4326698"}
,"/home/rudra/Desktop/demo work/movierental/models/rental.model.js": {"path":"/home/rudra/Desktop/demo work/movierental/models/rental.model.js","statementMap":{"0":{"start":{"line":1,"column":12},"end":{"line":1,"column":26}},"1":{"start":{"line":2,"column":19},"end":{"line":2,"column":44}},"2":{"start":{"line":5,"column":15},"end":{"line":42,"column":3}},"3":{"start":{"line":44,"column":0},"end":{"line":44,"column":23}}},"fnMap":{},"branchMap":{},"s":{"0":1,"1":1,"2":1,"3":1},"f":{},"b":{},"_coverageSchema":"1a1c01bbd47fc00a2c39e90264f33305004495a9","hash":"17f5701ea12542566a36a699a6ff3812b36a11b8"}
,"/home/rudra/Desktop/demo work/movierental/routes/customers.route.js": {"path":"/home/rudra/Desktop/demo work/movierental/routes/customers.route.js","statementMap":{"0":{"start":{"line":1,"column":16},"end":{"line":1,"column":34}},"1":{"start":{"line":2,"column":79},"end":{"line":2,"column":113}},"2":{"start":{"line":3,"column":15},"end":{"line":3,"column":31}},"3":{"start":{"line":4,"column":25},"end":{"line":4,"column":67}},"4":{"start":{"line":5,"column":22},"end":{"line":5,"column":61}},"5":{"start":{"line":6,"column":22},"end":{"line":6,"column":61}},"6":{"start":{"line":7,"column":25},"end":{"line":7,"column":67}},"7":{"start":{"line":11,"column":0},"end":{"line":11,"column":41}},"8":{"start":{"line":13,"column":0},"end":{"line":13,"column":35}},"9":{"start":{"line":15,"column":0},"end":{"line":15,"column":46}},"10":{"start":{"line":17,"column":0},"end":{"line":17,"column":44}},"11":{"start":{"line":19,"column":0},"end":{"line":19,"column":81}},"12":{"start":{"line":22,"column":0},"end":{"line":22,"column":23}}},"fnMap":{},"branchMap":{},"s":{"0":1,"1":1,"2":1,"3":1,"4":1,"5":1,"6":1,"7":1,"8":1,"9":1,"10":1,"11":1,"12":1},"f":{},"b":{},"_coverageSchema":"1a1c01bbd47fc00a2c39e90264f33305004495a9","hash":"80125d579c49b4edb0eaea03b0d6a7f7d73945f8"}
,"/home/rudra/Desktop/demo work/movierental/routes/genres.route.js": {"path":"/home/rudra/Desktop/demo work/movierental/routes/genres.route.js","statementMap":{"0":{"start":{"line":1,"column":16},"end":{"line":1,"column":34}},"1":{"start":{"line":2,"column":52},"end":{"line":2,"column":83}},"2":{"start":{"line":3,"column":14},"end":{"line":3,"column":30}},"3":{"start":{"line":7,"column":0},"end":{"line":10,"column":2}},"4":{"start":{"line":8,"column":19},"end":{"line":8,"column":44}},"5":{"start":{"line":9,"column":4},"end":{"line":9,"column":33}},"6":{"start":{"line":13,"column":0},"end":{"line":16,"column":2}},"7":{"start":{"line":14,"column":19},"end":{"line":14,"column":43}},"8":{"start":{"line":15,"column":4},"end":{"line":15,"column":33}},"9":{"start":{"line":18,"column":0},"end":{"line":21,"column":2}},"10":{"start":{"line":19,"column":19},"end":{"line":19,"column":61}},"11":{"start":{"line":20,"column":4},"end":{"line":20,"column":33}},"12":{"start":{"line":23,"column":0},"end":{"line":26,"column":2}},"13":{"start":{"line":24,"column":19},"end":{"line":24,"column":51}},"14":{"start":{"line":25,"column":4},"end":{"line":25,"column":33}},"15":{"start":{"line":29,"column":0},"end":{"line":29,"column":22}}},"fnMap":{"0":{"name":"(anonymous_0)","decl":{"start":{"line":7,"column":14},"end":{"line":7,"column":15}},"loc":{"start":{"line":7,"column":31},"end":{"line":10,"column":1}},"line":7},"1":{"name":"(anonymous_1)","decl":{"start":{"line":13,"column":15},"end":{"line":13,"column":16}},"loc":{"start":{"line":13,"column":31},"end":{"line":16,"column":1}},"line":13},"2":{"name":"(anonymous_2)","decl":{"start":{"line":18,"column":17},"end":{"line":18,"column":18}},"loc":{"start":{"line":18,"column":34},"end":{"line":21,"column":1}},"line":18},"3":{"name":"(anonymous_3)","decl":{"start":{"line":23,"column":20},"end":{"line":23,"column":21}},"loc":{"start":{"line":23,"column":37},"end":{"line":26,"column":1}},"line":23}},"branchMap":{},"s":{"0":1,"1":1,"2":1,"3":1,"4":0,"5":0,"6":1,"7":0,"8":0,"9":1,"10":0,"11":0,"12":1,"13":0,"14":0,"15":1},"f":{"0":0,"1":0,"2":0,"3":0},"b":{},"_coverageSchema":"1a1c01bbd47fc00a2c39e90264f33305004495a9","hash":"c28393ec4fc8021e5b015bc3392ebbecbed305a5"}
,"/home/rudra/Desktop/demo work/movierental/routes/movies.route.js": {"path":"/home/rudra/Desktop/demo work/movierental/routes/movies.route.js","statementMap":{"0":{"start":{"line":1,"column":16},"end":{"line":1,"column":34}},"1":{"start":{"line":2,"column":52},"end":{"line":2,"column":83}},"2":{"start":{"line":3,"column":22},"end":{"line":3,"column":61}},"3":{"start":{"line":4,"column":22},"end":{"line":4,"column":61}},"4":{"start":{"line":5,"column":25},"end":{"line":5,"column":67}},"5":{"start":{"line":6,"column":14},"end":{"line":6,"column":30}},"6":{"start":{"line":10,"column":0},"end":{"line":10,"column":37}},"7":{"start":{"line":12,"column":0},"end":{"line":12,"column":52}},"8":{"start":{"line":14,"column":0},"end":{"line":14,"column":74}},"9":{"start":{"line":16,"column":0},"end":{"line":16,"column":77}},"10":{"start":{"line":19,"column":0},"end":{"line":19,"column":22}}},"fnMap":{},"branchMap":{},"s":{"0":1,"1":1,"2":1,"3":1,"4":1,"5":1,"6":1,"7":1,"8":1,"9":1,"10":1},"f":{},"b":{},"_coverageSchema":"1a1c01bbd47fc00a2c39e90264f33305004495a9","hash":"6c0813ea810c466c895e5c90e0bcaeca9a967c1f"}
,"/home/rudra/Desktop/demo work/movierental/routes/rental.route.js": {"path":"/home/rudra/Desktop/demo work/movierental/routes/rental.route.js","statementMap":{"0":{"start":{"line":1,"column":16},"end":{"line":1,"column":34}},"1":{"start":{"line":2,"column":56},"end":{"line":2,"column":88}},"2":{"start":{"line":3,"column":14},"end":{"line":3,"column":30}},"3":{"start":{"line":4,"column":25},"end":{"line":4,"column":67}},"4":{"start":{"line":5,"column":22},"end":{"line":5,"column":61}},"5":{"start":{"line":6,"column":22},"end":{"line":6,"column":61}},"6":{"start":{"line":7,"column":18},"end":{"line":7,"column":53}},"7":{"start":{"line":10,"column":0},"end":{"line":10,"column":39}},"8":{"start":{"line":13,"column":0},"end":{"line":13,"column":69}},"9":{"start":{"line":15,"column":0},"end":{"line":15,"column":75}},"10":{"start":{"line":17,"column":0},"end":{"line":17,"column":78}},"11":{"start":{"line":20,"column":0},"end":{"line":20,"column":22}}},"fnMap":{},"branchMap":{},"s":{"0":1,"1":1,"2":1,"3":1,"4":1,"5":1,"6":1,"7":1,"8":1,"9":1,"10":1,"11":1},"f":{},"b":{},"_coverageSchema":"1a1c01bbd47fc00a2c39e90264f33305004495a9","hash":"c8765ca3a422b7f81b7f627c34fdeb0c5ed7ef1c"}
,"/home/rudra/Desktop/demo work/movierental/starter/start.js": {"path":"/home/rudra/Desktop/demo work/movierental/starter/start.js","statementMap":{"0":{"start":{"line":1,"column":14},"end":{"line":1,"column":29}},"1":{"start":{"line":2,"column":23},"end":{"line":2,"column":59}},"2":{"start":{"line":3,"column":20},"end":{"line":3,"column":53}},"3":{"start":{"line":4,"column":20},"end":{"line":4,"column":53}},"4":{"start":{"line":5,"column":20},"end":{"line":5,"column":53}},"5":{"start":{"line":8,"column":0},"end":{"line":16,"column":1}},"6":{"start":{"line":9,"column":4},"end":{"line":9,"column":19}},"7":{"start":{"line":10,"column":4},"end":{"line":10,"column":46}},"8":{"start":{"line":11,"column":4},"end":{"line":11,"column":51}},"9":{"start":{"line":12,"column":4},"end":{"line":12,"column":45}},"10":{"start":{"line":13,"column":4},"end":{"line":13,"column":39}},"11":{"start":{"line":14,"column":4},"end":{"line":14,"column":39}},"12":{"start":{"line":15,"column":4},"end":{"line":15,"column":39}}},"fnMap":{"0":{"name":"(anonymous_0)","decl":{"start":{"line":8,"column":17},"end":{"line":8,"column":18}},"loc":{"start":{"line":8,"column":40},"end":{"line":16,"column":1}},"line":8}},"branchMap":{},"s":{"0":1,"1":1,"2":1,"3":1,"4":1,"5":1,"6":1,"7":1,"8":1,"9":1,"10":1,"11":1,"12":1},"f":{"0":1},"b":{},"_coverageSchema":"1a1c01bbd47fc00a2c39e90264f33305004495a9","hash":"de626f1676e3356b26702060bd0faf5161c24d94"}
}
