TN:
SF:server.js
FN:7,(anonymous_0)
FNF:1
FNH:1
FNDA:1,(anonymous_0)
DA:1,1
DA:2,1
DA:3,1
DA:5,1
DA:7,1
DA:9,1
LF:6
LH:6
BRF:0
BRH:0
end_of_record
TN:
SF:auth/auth.js
FN:5,encryptPassword
FN:13,encryptPassword
FN:22,(anonymous_2)
FN:26,(anonymous_3)
FNF:4
FNH:4
FNDA:3,encryptPassword
FNDA:1,encryptPassword
FNDA:8,(anonymous_2)
FNDA:9,(anonymous_3)
DA:1,2
DA:2,2
DA:3,2
DA:5,2
DA:6,3
DA:7,3
DA:10,0
DA:13,2
DA:14,1
DA:15,1
DA:18,0
DA:22,2
DA:23,8
DA:26,2
DA:27,9
LF:15
LH:13
BRF:0
BRH:0
end_of_record
TN:
SF:controllers/customer.js
FN:6,getCustomer
FN:20,addCustomer
FN:33,updateCustomer
FN:45,deleteCustomer
FN:54,loginCustomer
FNF:5
FNH:3
FNDA:4,getCustomer
FNDA:2,addCustomer
FNDA:1,updateCustomer
FNDA:0,deleteCustomer
FNDA:0,loginCustomer
DA:1,1
DA:2,1
DA:3,1
DA:7,4
DA:8,4
DA:9,3
DA:10,3
DA:11,2
DA:12,1
DA:16,0
DA:21,2
DA:22,2
DA:23,2
DA:24,2
DA:25,2
DA:26,2
DA:29,0
DA:34,1
DA:35,1
DA:36,0
DA:37,0
DA:41,1
DA:46,0
DA:47,0
DA:50,0
DA:55,0
DA:56,0
DA:57,0
DA:58,0
DA:59,0
DA:62,0
DA:67,0
DA:71,1
DA:72,1
DA:73,1
DA:74,1
DA:75,1
LF:37
LH:23
BRDA:8,0,0,1
BRDA:8,0,1,3
BRDA:10,1,0,1
BRDA:10,1,1,2
BRDA:11,2,0,1
BRDA:11,2,1,1
BRDA:57,3,0,0
BRDA:57,3,1,0
BRDA:58,4,0,0
BRDA:58,4,1,0
BRF:10
BRH:6
end_of_record
TN:
SF:controllers/genre.js
FN:3,getGenre
FN:13,addGenre
FN:23,updateGenre
FN:31,deleteGenre
FNF:4
FNH:0
FNDA:0,getGenre
FNDA:0,addGenre
FNDA:0,updateGenre
FNDA:0,deleteGenre
DA:1,1
DA:4,0
DA:5,0
DA:6,0
DA:9,0
DA:14,0
DA:15,0
DA:16,0
DA:19,0
DA:24,0
DA:25,0
DA:28,0
DA:32,0
DA:33,0
DA:36,0
DA:40,1
DA:41,1
DA:42,1
DA:43,1
LF:19
LH:5
BRDA:5,0,0,0
BRDA:5,0,1,0
BRF:2
BRH:0
end_of_record
TN:
SF:controllers/movie.js
FN:3,getMovie
FN:13,addMovie
FN:23,updateMovie
FN:31,deleteMovie
FNF:4
FNH:0
FNDA:0,getMovie
FNDA:0,addMovie
FNDA:0,updateMovie
FNDA:0,deleteMovie
DA:1,1
DA:4,0
DA:5,0
DA:6,0
DA:9,0
DA:14,0
DA:15,0
DA:16,0
DA:19,0
DA:24,0
DA:25,0
DA:28,0
DA:32,0
DA:33,0
DA:36,0
DA:40,1
DA:41,1
DA:42,1
DA:43,1
LF:19
LH:5
BRDA:5,0,0,0
BRDA:5,0,1,0
BRF:2
BRH:0
end_of_record
TN:
SF:controllers/rental.js
FN:7,getRental
FN:19,addRental
FN:62,updateRental
FN:70,deleteRental
FNF:4
FNH:0
FNDA:0,getRental
FNDA:0,addRental
FNDA:0,updateRental
FNDA:0,deleteRental
DA:1,1
DA:2,1
DA:3,1
DA:4,1
DA:6,1
DA:8,0
DA:9,0
DA:10,0
DA:11,0
DA:14,0
DA:20,0
DA:21,0
DA:22,0
DA:24,0
DA:26,0
DA:27,0
DA:29,0
DA:46,0
DA:54,0
DA:58,0
DA:63,0
DA:64,0
DA:67,0
DA:71,0
DA:72,0
DA:75,0
DA:79,1
DA:80,1
DA:81,1
DA:82,1
LF:30
LH:9
BRDA:10,0,0,0
BRDA:10,0,1,0
BRDA:26,1,0,0
BRDA:26,1,1,0
BRDA:27,2,0,0
BRDA:27,2,1,0
BRF:6
BRH:0
end_of_record
TN:
SF:middlewares/getPeriod.js
FN:2,(anonymous_0)
FNF:1
FNH:0
FNDA:0,(anonymous_0)
DA:2,1
DA:3,0
DA:4,0
DA:5,0
DA:6,0
DA:7,0
DA:8,0
DA:9,0
DA:10,0
DA:11,0
DA:12,0
DA:13,0
DA:15,0
DA:17,0
DA:18,0
DA:19,0
DA:22,0
DA:24,0
DA:25,0
DA:26,0
DA:29,0
DA:30,0
DA:31,0
DA:34,0
DA:35,0
DA:36,0
DA:37,0
DA:40,0
LF:28
LH:1
BRDA:8,0,0,0
BRDA:8,0,1,0
BRDA:9,1,0,0
BRDA:9,1,1,0
BRDA:10,2,0,0
BRDA:10,2,1,0
BRDA:11,3,0,0
BRDA:11,3,1,0
BRDA:12,4,0,0
BRDA:12,4,1,0
BRDA:15,5,0,0
BRDA:15,5,1,0
BRDA:18,6,0,0
BRDA:18,6,1,0
BRDA:22,7,0,0
BRDA:22,7,1,0
BRDA:25,8,0,0
BRDA:25,8,1,0
BRDA:30,9,0,0
BRDA:30,9,1,0
BRF:20
BRH:0
end_of_record
TN:
SF:middlewares/validateAdmin.js
FN:2,(anonymous_0)
FNF:1
FNH:1
FNDA:1,(anonymous_0)
DA:1,1
DA:2,1
DA:3,1
DA:4,1
DA:5,0
DA:6,0
DA:9,1
LF:7
LH:5
BRDA:5,0,0,0
BRDA:5,0,1,0
BRF:2
BRH:0
end_of_record
TN:
SF:middlewares/validateCustomer.js
FN:4,(anonymous_0)
FNF:1
FNH:1
FNDA:3,(anonymous_0)
DA:1,1
DA:4,1
DA:5,3
DA:6,3
DA:7,3
DA:8,2
LF:6
LH:6
BRDA:7,0,0,1
BRDA:7,0,1,2
BRF:2
BRH:2
end_of_record
TN:
SF:middlewares/validateObjectId.js
FN:3,(anonymous_0)
FNF:1
FNH:1
FNDA:1,(anonymous_0)
DA:1,1
DA:3,1
DA:4,1
DA:5,1
LF:4
LH:4
BRDA:4,0,0,0
BRDA:4,0,1,1
BRF:2
BRH:1
end_of_record
TN:
SF:middlewares/validateToken.js
FN:3,(anonymous_0)
FNF:1
FNH:1
FNDA:9,(anonymous_0)
DA:1,1
DA:3,1
DA:4,9
DA:5,9
DA:6,9
DA:7,8
DA:8,6
DA:9,6
DA:10,6
DA:13,2
LF:10
LH:10
BRDA:6,0,0,1
BRDA:6,0,1,8
BRDA:8,1,0,0
BRDA:8,1,1,6
BRF:4
BRH:3
end_of_record
TN:
SF:models/conection.db.js
FN:7,(anonymous_0)
FN:8,(anonymous_1)
FNF:2
FNH:1
FNDA:1,(anonymous_0)
FNDA:0,(anonymous_1)
DA:2,1
DA:3,1
DA:4,1
DA:6,1
DA:7,1
DA:8,0
DA:10,1
DA:15,1
DA:16,1
LF:9
LH:8
BRF:0
BRH:0
end_of_record
TN:
SF:models/customers.model.js
FNF:0
FNH:0
DA:1,1
DA:2,1
DA:3,1
DA:5,1
DA:32,1
DA:34,1
DA:46,1
DA:47,1
LF:8
LH:8
BRF:0
BRH:0
end_of_record
TN:
SF:models/genres.model.js
FNF:0
FNH:0
DA:1,1
DA:3,1
DA:10,1
LF:3
LH:3
BRF:0
BRH:0
end_of_record
TN:
SF:models/movies.model.js
FNF:0
FNH:0
DA:1,1
DA:2,1
DA:21,1
LF:3
LH:3
BRF:0
BRH:0
end_of_record
TN:
SF:models/rental.model.js
FNF:0
FNH:0
DA:1,1
DA:2,1
DA:5,1
DA:44,1
LF:4
LH:4
BRF:0
BRH:0
end_of_record
TN:
SF:routes/customers.route.js
FNF:0
FNH:0
DA:1,1
DA:2,1
DA:3,1
DA:4,1
DA:5,1
DA:6,1
DA:7,1
DA:11,1
DA:13,1
DA:15,1
DA:17,1
DA:19,1
DA:22,1
LF:13
LH:13
BRF:0
BRH:0
end_of_record
TN:
SF:routes/genres.route.js
FN:7,(anonymous_0)
FN:13,(anonymous_1)
FN:18,(anonymous_2)
FN:23,(anonymous_3)
FNF:4
FNH:0
FNDA:0,(anonymous_0)
FNDA:0,(anonymous_1)
FNDA:0,(anonymous_2)
FNDA:0,(anonymous_3)
DA:1,1
DA:2,1
DA:3,1
DA:7,1
DA:8,0
DA:9,0
DA:13,1
DA:14,0
DA:15,0
DA:18,1
DA:19,0
DA:20,0
DA:23,1
DA:24,0
DA:25,0
DA:29,1
LF:16
LH:8
BRF:0
BRH:0
end_of_record
TN:
SF:routes/movies.route.js
FNF:0
FNH:0
DA:1,1
DA:2,1
DA:3,1
DA:4,1
DA:5,1
DA:6,1
DA:10,1
DA:12,1
DA:14,1
DA:16,1
DA:19,1
LF:11
LH:11
BRF:0
BRH:0
end_of_record
TN:
SF:routes/rental.route.js
FNF:0
FNH:0
DA:1,1
DA:2,1
DA:3,1
DA:4,1
DA:5,1
DA:6,1
DA:7,1
DA:10,1
DA:13,1
DA:15,1
DA:17,1
DA:20,1
LF:12
LH:12
BRF:0
BRH:0
end_of_record
TN:
SF:starter/start.js
FN:8,(anonymous_0)
FNF:1
FNH:1
FNDA:1,(anonymous_0)
DA:1,1
DA:2,1
DA:3,1
DA:4,1
DA:5,1
DA:8,1
DA:9,1
DA:10,1
DA:11,1
DA:12,1
DA:13,1
DA:14,1
DA:15,1
LF:13
LH:13
BRF:0
BRH:0
end_of_record
